2019-04-10 11:31:35,087 [20] DEBUG Zoo.CaptchaCore.DefaultGraphicsProvider [(null)] - A,width:33,height:36
2019-04-10 11:31:35,102 [20] DEBUG Zoo.CaptchaCore.DefaultGraphicsProvider [(null)] - B,width:27,height:36
2019-04-10 11:31:35,103 [20] DEBUG Zoo.CaptchaCore.DefaultGraphicsProvider [(null)] - C,width:32,height:37
2019-04-10 11:31:35,103 [20] DEBUG Zoo.CaptchaCore.DefaultGraphicsProvider [(null)] - D,width:30,height:36
2019-04-10 11:31:35,103 [20] DEBUG Zoo.CaptchaCore.DefaultGraphicsProvider [(null)] - E,width:27,height:36
2019-04-10 11:31:35,103 [20] DEBUG Zoo.CaptchaCore.DefaultGraphicsProvider [(null)] - F,width:24,height:36
2019-04-10 11:31:35,103 [20] DEBUG Zoo.CaptchaCore.DefaultGraphicsProvider [(null)] - G,width:33,height:37
2019-04-10 11:31:35,103 [20] DEBUG Zoo.CaptchaCore.DefaultGraphicsProvider [(null)] - H,width:28,height:36
2019-04-10 11:31:35,103 [20] DEBUG Zoo.CaptchaCore.DefaultGraphicsProvider [(null)] - I,width:5,height:36
2019-04-10 11:31:35,103 [20] DEBUG Zoo.CaptchaCore.DefaultGraphicsProvider [(null)] - J,width:20,height:36
2019-04-10 11:31:35,103 [20] DEBUG Zoo.CaptchaCore.DefaultGraphicsProvider [(null)] - K,width:30,height:36
2019-04-10 11:31:35,104 [20] DEBUG Zoo.CaptchaCore.DefaultGraphicsProvider [(null)] - L,width:22,height:36
2019-04-10 11:31:35,104 [20] DEBUG Zoo.CaptchaCore.DefaultGraphicsProvider [(null)] - M,width:34,height:36
2019-04-10 11:31:35,104 [20] DEBUG Zoo.CaptchaCore.DefaultGraphicsProvider [(null)] - N,width:28,height:36
2019-04-10 11:31:35,104 [20] DEBUG Zoo.CaptchaCore.DefaultGraphicsProvider [(null)] - O,width:34,height:37
2019-04-10 11:31:35,104 [20] DEBUG Zoo.CaptchaCore.DefaultGraphicsProvider [(null)] - P,width:27,height:36
2019-04-10 11:31:35,104 [20] DEBUG Zoo.CaptchaCore.DefaultGraphicsProvider [(null)] - Q,width:35,height:39
2019-04-10 11:31:35,104 [20] DEBUG Zoo.CaptchaCore.DefaultGraphicsProvider [(null)] - R,width:32,height:36
2019-04-10 11:31:35,104 [20] DEBUG Zoo.CaptchaCore.DefaultGraphicsProvider [(null)] - S,width:28,height:37
2019-04-10 11:31:35,105 [20] DEBUG Zoo.CaptchaCore.DefaultGraphicsProvider [(null)] - T,width:28,height:36
2019-04-10 11:31:35,105 [20] DEBUG Zoo.CaptchaCore.DefaultGraphicsProvider [(null)] - U,width:28,height:36
2019-04-10 11:31:35,105 [20] DEBUG Zoo.CaptchaCore.DefaultGraphicsProvider [(null)] - V,width:33,height:36
2019-04-10 11:31:35,105 [20] DEBUG Zoo.CaptchaCore.DefaultGraphicsProvider [(null)] - W,width:46,height:36
2019-04-10 11:31:35,105 [20] DEBUG Zoo.CaptchaCore.DefaultGraphicsProvider [(null)] - X,width:33,height:36
2019-04-10 11:31:35,105 [20] DEBUG Zoo.CaptchaCore.DefaultGraphicsProvider [(null)] - Y,width:33,height:36
2019-04-10 11:31:35,105 [20] DEBUG Zoo.CaptchaCore.DefaultGraphicsProvider [(null)] - Z,width:28,height:36
2019-04-10 11:31:35,105 [20] DEBUG Zoo.CaptchaCore.DefaultGraphicsProvider [(null)] - a,width:24,height:27
2019-04-10 11:31:35,105 [20] DEBUG Zoo.CaptchaCore.DefaultGraphicsProvider [(null)] - b,width:22,height:36
2019-04-10 11:31:35,105 [20] DEBUG Zoo.CaptchaCore.DefaultGraphicsProvider [(null)] - c,width:23,height:27
2019-04-10 11:31:35,106 [20] DEBUG Zoo.CaptchaCore.DefaultGraphicsProvider [(null)] - d,width:22,height:36
2019-04-10 11:31:35,106 [20] DEBUG Zoo.CaptchaCore.DefaultGraphicsProvider [(null)] - e,width:24,height:27
2019-04-10 11:31:35,106 [20] DEBUG Zoo.CaptchaCore.DefaultGraphicsProvider [(null)] - f,width:15,height:36
2019-04-10 11:31:35,106 [20] DEBUG Zoo.CaptchaCore.DefaultGraphicsProvider [(null)] - h,width:21,height:36
2019-04-10 11:31:35,106 [20] DEBUG Zoo.CaptchaCore.DefaultGraphicsProvider [(null)] - i,width:4,height:36
2019-04-10 11:31:35,106 [20] DEBUG Zoo.CaptchaCore.DefaultGraphicsProvider [(null)] - j,width:10,height:46
2019-04-10 11:31:35,106 [20] DEBUG Zoo.CaptchaCore.DefaultGraphicsProvider [(null)] - k,width:21,height:36
2019-04-10 11:31:35,106 [20] DEBUG Zoo.CaptchaCore.DefaultGraphicsProvider [(null)] - l,width:4,height:36
2019-04-10 11:31:35,106 [20] DEBUG Zoo.CaptchaCore.DefaultGraphicsProvider [(null)] - m,width:35,height:27
2019-04-10 11:31:35,106 [20] DEBUG Zoo.CaptchaCore.DefaultGraphicsProvider [(null)] - n,width:21,height:27
2019-04-10 11:31:35,106 [20] DEBUG Zoo.CaptchaCore.DefaultGraphicsProvider [(null)] - o,width:24,height:27
2019-04-10 11:31:35,106 [20] DEBUG Zoo.CaptchaCore.DefaultGraphicsProvider [(null)] - r,width:14,height:27
2019-04-10 11:31:35,107 [20] DEBUG Zoo.CaptchaCore.DefaultGraphicsProvider [(null)] - s,width:22,height:27
2019-04-10 11:31:35,107 [20] DEBUG Zoo.CaptchaCore.DefaultGraphicsProvider [(null)] - t,width:13,height:35
2019-04-10 11:31:35,107 [20] DEBUG Zoo.CaptchaCore.DefaultGraphicsProvider [(null)] - u,width:21,height:27
2019-04-10 11:31:35,107 [20] DEBUG Zoo.CaptchaCore.DefaultGraphicsProvider [(null)] - v,width:24,height:26
2019-04-10 11:31:35,107 [20] DEBUG Zoo.CaptchaCore.DefaultGraphicsProvider [(null)] - w,width:36,height:26
2019-04-10 11:31:35,107 [20] DEBUG Zoo.CaptchaCore.DefaultGraphicsProvider [(null)] - x,width:24,height:26
2019-04-10 11:31:35,107 [20] DEBUG Zoo.CaptchaCore.DefaultGraphicsProvider [(null)] - z,width:23,height:26
2019-04-10 11:31:35,107 [20] DEBUG Zoo.CaptchaCore.DefaultGraphicsProvider [(null)] - 0,width:23,height:37
2019-04-10 11:31:35,107 [20] DEBUG Zoo.CaptchaCore.DefaultGraphicsProvider [(null)] - 1,width:13,height:36
2019-04-10 11:31:35,107 [20] DEBUG Zoo.CaptchaCore.DefaultGraphicsProvider [(null)] - 2,width:24,height:36
2019-04-10 11:31:35,108 [20] DEBUG Zoo.CaptchaCore.DefaultGraphicsProvider [(null)] - 3,width:23,height:37
2019-04-10 11:31:35,108 [20] DEBUG Zoo.CaptchaCore.DefaultGraphicsProvider [(null)] - 4,width:25,height:36
2019-04-10 11:31:35,108 [20] DEBUG Zoo.CaptchaCore.DefaultGraphicsProvider [(null)] - 5,width:24,height:36
2019-04-10 11:31:35,108 [20] DEBUG Zoo.CaptchaCore.DefaultGraphicsProvider [(null)] - 6,width:24,height:37
2019-04-10 11:31:35,108 [20] DEBUG Zoo.CaptchaCore.DefaultGraphicsProvider [(null)] - 7,width:23,height:35
2019-04-10 11:31:35,109 [20] DEBUG Zoo.CaptchaCore.DefaultGraphicsProvider [(null)] - 8,width:24,height:37
2019-04-10 11:31:35,109 [20] DEBUG Zoo.CaptchaCore.DefaultGraphicsProvider [(null)] - 9,width:24,height:37
